{"name":"Go to search by key word","status":"failed","statusDetails":{"known":false,"muted":false,"flaky":false,"message":"The following asserts failed:\n\tfailed expected [a collection with size <7>] but found [6],\n\tчто-то пошло не так expected [a value greater than <5>] but found [6],\n\texpected [iterable containing [\"dress\"]] but found [[[[ChromeDriver: chrome on MAC (75359e3255fd2c908bace1785dc09031)] -> css selector: li.ajax_block_product], [[ChromeDriver: chrome on MAC (75359e3255fd2c908bace1785dc09031)] -> css selector: li.ajax_block_product], [[ChromeDriver: chrome on MAC (75359e3255fd2c908bace1785dc09031)] -> css selector: li.ajax_block_product], [[ChromeDriver: chrome on MAC (75359e3255fd2c908bace1785dc09031)] -> css selector: li.ajax_block_product], [[ChromeDriver: chrome on MAC (75359e3255fd2c908bace1785dc09031)] -> css selector: li.ajax_block_product], [[ChromeDriver: chrome on MAC (75359e3255fd2c908bace1785dc09031)] -> css selector: li.ajax_block_product]]],\n\texpected [(not null and not an empty collection)] but found [[[[ChromeDriver: chrome on MAC (75359e3255fd2c908bace1785dc09031)] -> css selector: li.ajax_block_product], [[ChromeDriver: chrome on MAC (75359e3255fd2c908bace1785dc09031)] -> css selector: li.ajax_block_product], [[ChromeDriver: chrome on MAC (75359e3255fd2c908bace1785dc09031)] -> css selector: li.ajax_block_product], [[ChromeDriver: chrome on MAC (75359e3255fd2c908bace1785dc09031)] -> css selector: li.ajax_block_product], [[ChromeDriver: chrome on MAC (75359e3255fd2c908bace1785dc09031)] -> css selector: li.ajax_block_product], [[ChromeDriver: chrome on MAC (75359e3255fd2c908bace1785dc09031)] -> css selector: li.ajax_block_product]]]","trace":"java.lang.AssertionError: The following asserts failed:\n\tfailed expected [a collection with size <7>] but found [6],\n\tчто-то пошло не так expected [a value greater than <5>] but found [6],\n\texpected [iterable containing [\"dress\"]] but found [[[[ChromeDriver: chrome on MAC (75359e3255fd2c908bace1785dc09031)] -> css selector: li.ajax_block_product], [[ChromeDriver: chrome on MAC (75359e3255fd2c908bace1785dc09031)] -> css selector: li.ajax_block_product], [[ChromeDriver: chrome on MAC (75359e3255fd2c908bace1785dc09031)] -> css selector: li.ajax_block_product], [[ChromeDriver: chrome on MAC (75359e3255fd2c908bace1785dc09031)] -> css selector: li.ajax_block_product], [[ChromeDriver: chrome on MAC (75359e3255fd2c908bace1785dc09031)] -> css selector: li.ajax_block_product], [[ChromeDriver: chrome on MAC (75359e3255fd2c908bace1785dc09031)] -> css selector: li.ajax_block_product]]],\n\texpected [(not null and not an empty collection)] but found [[[[ChromeDriver: chrome on MAC (75359e3255fd2c908bace1785dc09031)] -> css selector: li.ajax_block_product], [[ChromeDriver: chrome on MAC (75359e3255fd2c908bace1785dc09031)] -> css selector: li.ajax_block_product], [[ChromeDriver: chrome on MAC (75359e3255fd2c908bace1785dc09031)] -> css selector: li.ajax_block_product], [[ChromeDriver: chrome on MAC (75359e3255fd2c908bace1785dc09031)] -> css selector: li.ajax_block_product], [[ChromeDriver: chrome on MAC (75359e3255fd2c908bace1785dc09031)] -> css selector: li.ajax_block_product], [[ChromeDriver: chrome on MAC (75359e3255fd2c908bace1785dc09031)] -> css selector: li.ajax_block_product]]]\n\tat org.testng.asserts.SoftAssert.assertAll(SoftAssert.java:43)\n\tat hellocucumber.steps.SearchByKeyWordStepDefinitions.displayMenuItemsSecond(SearchByKeyWordStepDefinitions.java:57)\n\tat ✽.Display menu item(file:///Users/julikor/Documents/Cucumber_project/src/test/resources/features/CucumberSecondTest.feature:11)\n"},"stage":"finished","steps":[{"name":"Given  Google search page is opened","status":"passed","statusDetails":{"known":false,"muted":false,"flaky":false},"stage":"finished","steps":[],"attachments":[],"parameters":[],"start":1592995237085,"stop":1592995239201},{"name":"When  Searches with text","status":"passed","statusDetails":{"known":false,"muted":false,"flaky":false},"stage":"finished","steps":[],"attachments":[],"parameters":[],"start":1592995239201,"stop":1592995240251},{"name":"And  Open url by name","status":"passed","statusDetails":{"known":false,"muted":false,"flaky":false},"stage":"finished","steps":[],"attachments":[],"parameters":[],"start":1592995240252,"stop":1592995243360},{"name":"And  Input in search field dress","status":"passed","statusDetails":{"known":false,"muted":false,"flaky":false},"stage":"finished","steps":[],"attachments":[],"parameters":[],"start":1592995243360,"stop":1592995244379},{"name":"And  Press button Search","status":"passed","statusDetails":{"known":false,"muted":false,"flaky":false},"stage":"finished","steps":[],"attachments":[],"parameters":[],"start":1592995244379,"stop":1592995244380},{"name":"Then  Display menu item","status":"failed","statusDetails":{"known":false,"muted":false,"flaky":false,"message":"The following asserts failed:\n\tfailed expected [a collection with size <7>] but found [6],\n\tчто-то пошло не так expected [a value greater than <5>] but found [6],\n\texpected [iterable containing [\"dress\"]] but found [[[[ChromeDriver: chrome on MAC (75359e3255fd2c908bace1785dc09031)] -> css selector: li.ajax_block_product], [[ChromeDriver: chrome on MAC (75359e3255fd2c908bace1785dc09031)] -> css selector: li.ajax_block_product], [[ChromeDriver: chrome on MAC (75359e3255fd2c908bace1785dc09031)] -> css selector: li.ajax_block_product], [[ChromeDriver: chrome on MAC (75359e3255fd2c908bace1785dc09031)] -> css selector: li.ajax_block_product], [[ChromeDriver: chrome on MAC (75359e3255fd2c908bace1785dc09031)] -> css selector: li.ajax_block_product], [[ChromeDriver: chrome on MAC (75359e3255fd2c908bace1785dc09031)] -> css selector: li.ajax_block_product]]],\n\texpected [(not null and not an empty collection)] but found [[[[ChromeDriver: chrome on MAC (75359e3255fd2c908bace1785dc09031)] -> css selector: li.ajax_block_product], [[ChromeDriver: chrome on MAC (75359e3255fd2c908bace1785dc09031)] -> css selector: li.ajax_block_product], [[ChromeDriver: chrome on MAC (75359e3255fd2c908bace1785dc09031)] -> css selector: li.ajax_block_product], [[ChromeDriver: chrome on MAC (75359e3255fd2c908bace1785dc09031)] -> css selector: li.ajax_block_product], [[ChromeDriver: chrome on MAC (75359e3255fd2c908bace1785dc09031)] -> css selector: li.ajax_block_product], [[ChromeDriver: chrome on MAC (75359e3255fd2c908bace1785dc09031)] -> css selector: li.ajax_block_product]]]","trace":"java.lang.AssertionError: The following asserts failed:\n\tfailed expected [a collection with size <7>] but found [6],\n\tчто-то пошло не так expected [a value greater than <5>] but found [6],\n\texpected [iterable containing [\"dress\"]] but found [[[[ChromeDriver: chrome on MAC (75359e3255fd2c908bace1785dc09031)] -> css selector: li.ajax_block_product], [[ChromeDriver: chrome on MAC (75359e3255fd2c908bace1785dc09031)] -> css selector: li.ajax_block_product], [[ChromeDriver: chrome on MAC (75359e3255fd2c908bace1785dc09031)] -> css selector: li.ajax_block_product], [[ChromeDriver: chrome on MAC (75359e3255fd2c908bace1785dc09031)] -> css selector: li.ajax_block_product], [[ChromeDriver: chrome on MAC (75359e3255fd2c908bace1785dc09031)] -> css selector: li.ajax_block_product], [[ChromeDriver: chrome on MAC (75359e3255fd2c908bace1785dc09031)] -> css selector: li.ajax_block_product]]],\n\texpected [(not null and not an empty collection)] but found [[[[ChromeDriver: chrome on MAC (75359e3255fd2c908bace1785dc09031)] -> css selector: li.ajax_block_product], [[ChromeDriver: chrome on MAC (75359e3255fd2c908bace1785dc09031)] -> css selector: li.ajax_block_product], [[ChromeDriver: chrome on MAC (75359e3255fd2c908bace1785dc09031)] -> css selector: li.ajax_block_product], [[ChromeDriver: chrome on MAC (75359e3255fd2c908bace1785dc09031)] -> css selector: li.ajax_block_product], [[ChromeDriver: chrome on MAC (75359e3255fd2c908bace1785dc09031)] -> css selector: li.ajax_block_product], [[ChromeDriver: chrome on MAC (75359e3255fd2c908bace1785dc09031)] -> css selector: li.ajax_block_product]]]\n\tat org.testng.asserts.SoftAssert.assertAll(SoftAssert.java:43)\n\tat hellocucumber.steps.SearchByKeyWordStepDefinitions.displayMenuItemsSecond(SearchByKeyWordStepDefinitions.java:57)\n\tat ✽.Display menu item(file:///Users/julikor/Documents/Cucumber_project/src/test/resources/features/CucumberSecondTest.feature:11)\n"},"stage":"finished","steps":[],"attachments":[],"parameters":[],"start":1592995244380,"stop":1592995244410}],"attachments":[],"parameters":[],"start":1592995235874,"stop":1592995244533,"uuid":"63a7d308-9718-4971-aff0-acd2138268dd","historyId":"187c95e58c0c614c222709e0e0a2abac","fullName":"cucumber second Test: Go to search by key word","labels":[{"name":"tag","value":"cucumber"},{"name":"host","value":"MacBook-Pro"},{"name":"thread","value":"2059@MacBook-Pro.main(1)"},{"name":"feature","value":"cucumber second Test"},{"name":"story","value":"Go to search by key word"},{"name":"suite","value":"cucumber second Test"},{"name":"testClass","value":"Go to search by key word"},{"name":"framework","value":"cucumber4jvm"},{"name":"language","value":"java"},{"name":"gherkin_uri","value":"file:///Users/julikor/Documents/Cucumber_project/src/test/resources/features/CucumberSecondTest.feature"},{"name":"package","value":"src.test.resources.features.CucumberSecondTest_feature.cucumber second Test"}],"links":[]}