{"name":"Go to search by key word","status":"failed","statusDetails":{"known":false,"muted":false,"flaky":false,"message":"The following asserts failed:\n\tfailed expected [a collection with size <7>] but found [6],\n\tчто-то пошло не так expected [a value greater than <5>] but found [6],\n\texpected [iterable containing [\"dress\"]] but found [[[[ChromeDriver: chrome on MAC (b7c75fc36335e1d3aeca6862ff82d7f1)] -> css selector: li.ajax_block_product], [[ChromeDriver: chrome on MAC (b7c75fc36335e1d3aeca6862ff82d7f1)] -> css selector: li.ajax_block_product], [[ChromeDriver: chrome on MAC (b7c75fc36335e1d3aeca6862ff82d7f1)] -> css selector: li.ajax_block_product], [[ChromeDriver: chrome on MAC (b7c75fc36335e1d3aeca6862ff82d7f1)] -> css selector: li.ajax_block_product], [[ChromeDriver: chrome on MAC (b7c75fc36335e1d3aeca6862ff82d7f1)] -> css selector: li.ajax_block_product], [[ChromeDriver: chrome on MAC (b7c75fc36335e1d3aeca6862ff82d7f1)] -> css selector: li.ajax_block_product]]],\n\texpected [(not null and not an empty collection)] but found [[[[ChromeDriver: chrome on MAC (b7c75fc36335e1d3aeca6862ff82d7f1)] -> css selector: li.ajax_block_product], [[ChromeDriver: chrome on MAC (b7c75fc36335e1d3aeca6862ff82d7f1)] -> css selector: li.ajax_block_product], [[ChromeDriver: chrome on MAC (b7c75fc36335e1d3aeca6862ff82d7f1)] -> css selector: li.ajax_block_product], [[ChromeDriver: chrome on MAC (b7c75fc36335e1d3aeca6862ff82d7f1)] -> css selector: li.ajax_block_product], [[ChromeDriver: chrome on MAC (b7c75fc36335e1d3aeca6862ff82d7f1)] -> css selector: li.ajax_block_product], [[ChromeDriver: chrome on MAC (b7c75fc36335e1d3aeca6862ff82d7f1)] -> css selector: li.ajax_block_product]]]","trace":"java.lang.AssertionError: The following asserts failed:\n\tfailed expected [a collection with size <7>] but found [6],\n\tчто-то пошло не так expected [a value greater than <5>] but found [6],\n\texpected [iterable containing [\"dress\"]] but found [[[[ChromeDriver: chrome on MAC (b7c75fc36335e1d3aeca6862ff82d7f1)] -> css selector: li.ajax_block_product], [[ChromeDriver: chrome on MAC (b7c75fc36335e1d3aeca6862ff82d7f1)] -> css selector: li.ajax_block_product], [[ChromeDriver: chrome on MAC (b7c75fc36335e1d3aeca6862ff82d7f1)] -> css selector: li.ajax_block_product], [[ChromeDriver: chrome on MAC (b7c75fc36335e1d3aeca6862ff82d7f1)] -> css selector: li.ajax_block_product], [[ChromeDriver: chrome on MAC (b7c75fc36335e1d3aeca6862ff82d7f1)] -> css selector: li.ajax_block_product], [[ChromeDriver: chrome on MAC (b7c75fc36335e1d3aeca6862ff82d7f1)] -> css selector: li.ajax_block_product]]],\n\texpected [(not null and not an empty collection)] but found [[[[ChromeDriver: chrome on MAC (b7c75fc36335e1d3aeca6862ff82d7f1)] -> css selector: li.ajax_block_product], [[ChromeDriver: chrome on MAC (b7c75fc36335e1d3aeca6862ff82d7f1)] -> css selector: li.ajax_block_product], [[ChromeDriver: chrome on MAC (b7c75fc36335e1d3aeca6862ff82d7f1)] -> css selector: li.ajax_block_product], [[ChromeDriver: chrome on MAC (b7c75fc36335e1d3aeca6862ff82d7f1)] -> css selector: li.ajax_block_product], [[ChromeDriver: chrome on MAC (b7c75fc36335e1d3aeca6862ff82d7f1)] -> css selector: li.ajax_block_product], [[ChromeDriver: chrome on MAC (b7c75fc36335e1d3aeca6862ff82d7f1)] -> css selector: li.ajax_block_product]]]\n\tat org.testng.asserts.SoftAssert.assertAll(SoftAssert.java:43)\n\tat hellocucumber.steps.SearchByKeyWordStepDefinitions.displayMenuItemsSecond(SearchByKeyWordStepDefinitions.java:62)\n\tat ✽.Display menu item(file:///Users/julikor/Documents/Cucumber_project/src/test/resources/features/CucumberSecondTest.feature:10)\n"},"stage":"finished","steps":[{"name":"Given  Google search page is opened","status":"passed","statusDetails":{"known":false,"muted":false,"flaky":false},"stage":"finished","steps":[],"attachments":[],"parameters":[],"start":1592914746169,"stop":1592914749156},{"name":"When  Searches with text","status":"passed","statusDetails":{"known":false,"muted":false,"flaky":false},"stage":"finished","steps":[],"attachments":[],"parameters":[],"start":1592914749157,"stop":1592914751540},{"name":"And  Open url by name","status":"passed","statusDetails":{"known":false,"muted":false,"flaky":false},"stage":"finished","steps":[],"attachments":[],"parameters":[],"start":1592914751541,"stop":1592914754608},{"name":"And  Input in search field dress","status":"passed","statusDetails":{"known":false,"muted":false,"flaky":false},"stage":"finished","steps":[],"attachments":[],"parameters":[],"start":1592914754608,"stop":1592914755791},{"name":"And  Press button Search","status":"passed","statusDetails":{"known":false,"muted":false,"flaky":false},"stage":"finished","steps":[],"attachments":[],"parameters":[],"start":1592914755791,"stop":1592914755792},{"name":"Then  Display menu item","status":"failed","statusDetails":{"known":false,"muted":false,"flaky":false,"message":"The following asserts failed:\n\tfailed expected [a collection with size <7>] but found [6],\n\tчто-то пошло не так expected [a value greater than <5>] but found [6],\n\texpected [iterable containing [\"dress\"]] but found [[[[ChromeDriver: chrome on MAC (b7c75fc36335e1d3aeca6862ff82d7f1)] -> css selector: li.ajax_block_product], [[ChromeDriver: chrome on MAC (b7c75fc36335e1d3aeca6862ff82d7f1)] -> css selector: li.ajax_block_product], [[ChromeDriver: chrome on MAC (b7c75fc36335e1d3aeca6862ff82d7f1)] -> css selector: li.ajax_block_product], [[ChromeDriver: chrome on MAC (b7c75fc36335e1d3aeca6862ff82d7f1)] -> css selector: li.ajax_block_product], [[ChromeDriver: chrome on MAC (b7c75fc36335e1d3aeca6862ff82d7f1)] -> css selector: li.ajax_block_product], [[ChromeDriver: chrome on MAC (b7c75fc36335e1d3aeca6862ff82d7f1)] -> css selector: li.ajax_block_product]]],\n\texpected [(not null and not an empty collection)] but found [[[[ChromeDriver: chrome on MAC (b7c75fc36335e1d3aeca6862ff82d7f1)] -> css selector: li.ajax_block_product], [[ChromeDriver: chrome on MAC (b7c75fc36335e1d3aeca6862ff82d7f1)] -> css selector: li.ajax_block_product], [[ChromeDriver: chrome on MAC (b7c75fc36335e1d3aeca6862ff82d7f1)] -> css selector: li.ajax_block_product], [[ChromeDriver: chrome on MAC (b7c75fc36335e1d3aeca6862ff82d7f1)] -> css selector: li.ajax_block_product], [[ChromeDriver: chrome on MAC (b7c75fc36335e1d3aeca6862ff82d7f1)] -> css selector: li.ajax_block_product], [[ChromeDriver: chrome on MAC (b7c75fc36335e1d3aeca6862ff82d7f1)] -> css selector: li.ajax_block_product]]]","trace":"java.lang.AssertionError: The following asserts failed:\n\tfailed expected [a collection with size <7>] but found [6],\n\tчто-то пошло не так expected [a value greater than <5>] but found [6],\n\texpected [iterable containing [\"dress\"]] but found [[[[ChromeDriver: chrome on MAC (b7c75fc36335e1d3aeca6862ff82d7f1)] -> css selector: li.ajax_block_product], [[ChromeDriver: chrome on MAC (b7c75fc36335e1d3aeca6862ff82d7f1)] -> css selector: li.ajax_block_product], [[ChromeDriver: chrome on MAC (b7c75fc36335e1d3aeca6862ff82d7f1)] -> css selector: li.ajax_block_product], [[ChromeDriver: chrome on MAC (b7c75fc36335e1d3aeca6862ff82d7f1)] -> css selector: li.ajax_block_product], [[ChromeDriver: chrome on MAC (b7c75fc36335e1d3aeca6862ff82d7f1)] -> css selector: li.ajax_block_product], [[ChromeDriver: chrome on MAC (b7c75fc36335e1d3aeca6862ff82d7f1)] -> css selector: li.ajax_block_product]]],\n\texpected [(not null and not an empty collection)] but found [[[[ChromeDriver: chrome on MAC (b7c75fc36335e1d3aeca6862ff82d7f1)] -> css selector: li.ajax_block_product], [[ChromeDriver: chrome on MAC (b7c75fc36335e1d3aeca6862ff82d7f1)] -> css selector: li.ajax_block_product], [[ChromeDriver: chrome on MAC (b7c75fc36335e1d3aeca6862ff82d7f1)] -> css selector: li.ajax_block_product], [[ChromeDriver: chrome on MAC (b7c75fc36335e1d3aeca6862ff82d7f1)] -> css selector: li.ajax_block_product], [[ChromeDriver: chrome on MAC (b7c75fc36335e1d3aeca6862ff82d7f1)] -> css selector: li.ajax_block_product], [[ChromeDriver: chrome on MAC (b7c75fc36335e1d3aeca6862ff82d7f1)] -> css selector: li.ajax_block_product]]]\n\tat org.testng.asserts.SoftAssert.assertAll(SoftAssert.java:43)\n\tat hellocucumber.steps.SearchByKeyWordStepDefinitions.displayMenuItemsSecond(SearchByKeyWordStepDefinitions.java:62)\n\tat ✽.Display menu item(file:///Users/julikor/Documents/Cucumber_project/src/test/resources/features/CucumberSecondTest.feature:10)\n"},"stage":"finished","steps":[],"attachments":[],"parameters":[],"start":1592914755792,"stop":1592914755828}],"attachments":[],"parameters":[],"start":1592914745062,"stop":1592914755950,"uuid":"9090f307-74c9-44bd-9965-2dcdbda79d26","historyId":"ee4dc055caff24d3b8a0eb8368b990a9","fullName":"cucumber second Test: Go to search by key word","labels":[{"name":"tag","value":"cucumber"},{"name":"host","value":"MacBook-Pro"},{"name":"thread","value":"4132@MacBook-Pro.main(1)"},{"name":"feature","value":"cucumber second Test"},{"name":"story","value":"Go to search by key word"},{"name":"suite","value":"cucumber second Test"},{"name":"testClass","value":"Go to search by key word"},{"name":"framework","value":"cucumber4jvm"},{"name":"language","value":"java"},{"name":"gherkin_uri","value":"file:///Users/julikor/Documents/Cucumber_project/src/test/resources/features/CucumberSecondTest.feature"},{"name":"package","value":"src.test.resources.features.CucumberSecondTest_feature.cucumber second Test"}],"links":[]}