{"name":"Go to search by key word","status":"failed","statusDetails":{"known":false,"muted":false,"flaky":false,"message":"The following asserts failed:\n\tfailed expected [a collection with size <7>] but found [4],\n\tчто-то пошло не так expected [a value greater than <5>] but found [4],\n\texpected [iterable containing [\"dress\"]] but found [[[[ChromeDriver: chrome on MAC (8f85e1b3de5e71e29afc29f7cf009736)] -> css selector: li.ajax_block_product], [[ChromeDriver: chrome on MAC (8f85e1b3de5e71e29afc29f7cf009736)] -> css selector: li.ajax_block_product], [[ChromeDriver: chrome on MAC (8f85e1b3de5e71e29afc29f7cf009736)] -> css selector: li.ajax_block_product], [[ChromeDriver: chrome on MAC (8f85e1b3de5e71e29afc29f7cf009736)] -> css selector: li.ajax_block_product]]],\n\texpected [(not null and not an empty collection)] but found [[[[ChromeDriver: chrome on MAC (8f85e1b3de5e71e29afc29f7cf009736)] -> css selector: li.ajax_block_product], [[ChromeDriver: chrome on MAC (8f85e1b3de5e71e29afc29f7cf009736)] -> css selector: li.ajax_block_product], [[ChromeDriver: chrome on MAC (8f85e1b3de5e71e29afc29f7cf009736)] -> css selector: li.ajax_block_product], [[ChromeDriver: chrome on MAC (8f85e1b3de5e71e29afc29f7cf009736)] -> css selector: li.ajax_block_product]]]","trace":"java.lang.AssertionError: The following asserts failed:\n\tfailed expected [a collection with size <7>] but found [4],\n\tчто-то пошло не так expected [a value greater than <5>] but found [4],\n\texpected [iterable containing [\"dress\"]] but found [[[[ChromeDriver: chrome on MAC (8f85e1b3de5e71e29afc29f7cf009736)] -> css selector: li.ajax_block_product], [[ChromeDriver: chrome on MAC (8f85e1b3de5e71e29afc29f7cf009736)] -> css selector: li.ajax_block_product], [[ChromeDriver: chrome on MAC (8f85e1b3de5e71e29afc29f7cf009736)] -> css selector: li.ajax_block_product], [[ChromeDriver: chrome on MAC (8f85e1b3de5e71e29afc29f7cf009736)] -> css selector: li.ajax_block_product]]],\n\texpected [(not null and not an empty collection)] but found [[[[ChromeDriver: chrome on MAC (8f85e1b3de5e71e29afc29f7cf009736)] -> css selector: li.ajax_block_product], [[ChromeDriver: chrome on MAC (8f85e1b3de5e71e29afc29f7cf009736)] -> css selector: li.ajax_block_product], [[ChromeDriver: chrome on MAC (8f85e1b3de5e71e29afc29f7cf009736)] -> css selector: li.ajax_block_product], [[ChromeDriver: chrome on MAC (8f85e1b3de5e71e29afc29f7cf009736)] -> css selector: li.ajax_block_product]]]\n\tat org.testng.asserts.SoftAssert.assertAll(SoftAssert.java:43)\n\tat hellocucumber.steps.SearchByKeyWordStepDefinitions.displayMenuItemsSecond(SearchByKeyWordStepDefinitions.java:62)\n\tat ✽.Display menu item(file:///Users/julikor/Documents/Cucumber_project/src/test/resources/features/CucumberSecondTest.feature:10)\n"},"stage":"finished","steps":[{"name":"Given  Google search page is opened","status":"passed","statusDetails":{"known":false,"muted":false,"flaky":false},"stage":"finished","steps":[],"attachments":[],"parameters":[],"start":1592914115544,"stop":1592914116479},{"name":"When  Searches with text","status":"passed","statusDetails":{"known":false,"muted":false,"flaky":false},"stage":"finished","steps":[],"attachments":[],"parameters":[],"start":1592914116479,"stop":1592914117701},{"name":"And  Open url by name","status":"passed","statusDetails":{"known":false,"muted":false,"flaky":false},"stage":"finished","steps":[],"attachments":[],"parameters":[],"start":1592914117701,"stop":1592914121236},{"name":"And  Input in search field dress","status":"passed","statusDetails":{"known":false,"muted":false,"flaky":false},"stage":"finished","steps":[],"attachments":[],"parameters":[],"start":1592914121236,"stop":1592914122508},{"name":"And  Press button Search","status":"passed","statusDetails":{"known":false,"muted":false,"flaky":false},"stage":"finished","steps":[],"attachments":[],"parameters":[],"start":1592914122508,"stop":1592914122508},{"name":"Then  Display menu item","status":"failed","statusDetails":{"known":false,"muted":false,"flaky":false,"message":"The following asserts failed:\n\tfailed expected [a collection with size <7>] but found [4],\n\tчто-то пошло не так expected [a value greater than <5>] but found [4],\n\texpected [iterable containing [\"dress\"]] but found [[[[ChromeDriver: chrome on MAC (8f85e1b3de5e71e29afc29f7cf009736)] -> css selector: li.ajax_block_product], [[ChromeDriver: chrome on MAC (8f85e1b3de5e71e29afc29f7cf009736)] -> css selector: li.ajax_block_product], [[ChromeDriver: chrome on MAC (8f85e1b3de5e71e29afc29f7cf009736)] -> css selector: li.ajax_block_product], [[ChromeDriver: chrome on MAC (8f85e1b3de5e71e29afc29f7cf009736)] -> css selector: li.ajax_block_product]]],\n\texpected [(not null and not an empty collection)] but found [[[[ChromeDriver: chrome on MAC (8f85e1b3de5e71e29afc29f7cf009736)] -> css selector: li.ajax_block_product], [[ChromeDriver: chrome on MAC (8f85e1b3de5e71e29afc29f7cf009736)] -> css selector: li.ajax_block_product], [[ChromeDriver: chrome on MAC (8f85e1b3de5e71e29afc29f7cf009736)] -> css selector: li.ajax_block_product], [[ChromeDriver: chrome on MAC (8f85e1b3de5e71e29afc29f7cf009736)] -> css selector: li.ajax_block_product]]]","trace":"java.lang.AssertionError: The following asserts failed:\n\tfailed expected [a collection with size <7>] but found [4],\n\tчто-то пошло не так expected [a value greater than <5>] but found [4],\n\texpected [iterable containing [\"dress\"]] but found [[[[ChromeDriver: chrome on MAC (8f85e1b3de5e71e29afc29f7cf009736)] -> css selector: li.ajax_block_product], [[ChromeDriver: chrome on MAC (8f85e1b3de5e71e29afc29f7cf009736)] -> css selector: li.ajax_block_product], [[ChromeDriver: chrome on MAC (8f85e1b3de5e71e29afc29f7cf009736)] -> css selector: li.ajax_block_product], [[ChromeDriver: chrome on MAC (8f85e1b3de5e71e29afc29f7cf009736)] -> css selector: li.ajax_block_product]]],\n\texpected [(not null and not an empty collection)] but found [[[[ChromeDriver: chrome on MAC (8f85e1b3de5e71e29afc29f7cf009736)] -> css selector: li.ajax_block_product], [[ChromeDriver: chrome on MAC (8f85e1b3de5e71e29afc29f7cf009736)] -> css selector: li.ajax_block_product], [[ChromeDriver: chrome on MAC (8f85e1b3de5e71e29afc29f7cf009736)] -> css selector: li.ajax_block_product], [[ChromeDriver: chrome on MAC (8f85e1b3de5e71e29afc29f7cf009736)] -> css selector: li.ajax_block_product]]]\n\tat org.testng.asserts.SoftAssert.assertAll(SoftAssert.java:43)\n\tat hellocucumber.steps.SearchByKeyWordStepDefinitions.displayMenuItemsSecond(SearchByKeyWordStepDefinitions.java:62)\n\tat ✽.Display menu item(file:///Users/julikor/Documents/Cucumber_project/src/test/resources/features/CucumberSecondTest.feature:10)\n"},"stage":"finished","steps":[],"attachments":[],"parameters":[],"start":1592914122509,"stop":1592914122543}],"attachments":[],"parameters":[],"start":1592914114352,"stop":1592914122655,"uuid":"a4d258d5-d299-454c-b006-a26958d0ea51","historyId":"ee4dc055caff24d3b8a0eb8368b990a9","fullName":"cucumber second Test: Go to search by key word","labels":[{"name":"tag","value":"cucumber"},{"name":"host","value":"MacBook-Pro"},{"name":"thread","value":"3971@MacBook-Pro.main(1)"},{"name":"feature","value":"cucumber second Test"},{"name":"story","value":"Go to search by key word"},{"name":"suite","value":"cucumber second Test"},{"name":"testClass","value":"Go to search by key word"},{"name":"framework","value":"cucumber4jvm"},{"name":"language","value":"java"},{"name":"gherkin_uri","value":"file:///Users/julikor/Documents/Cucumber_project/src/test/resources/features/CucumberSecondTest.feature"},{"name":"package","value":"src.test.resources.features.CucumberSecondTest_feature.cucumber second Test"}],"links":[]}