{"name":"Go to search by key word","status":"failed","statusDetails":{"known":false,"muted":false,"flaky":false,"message":"The following asserts failed:\n\tfailed expected [a collection with size <7>] but found [2],\n\tчто-то пошло не так expected [a value greater than <5>] but found [2],\n\texpected [iterable containing [\"dress\"]] but found [[[[ChromeDriver: chrome on MAC (bab86d208af9c5eb79994c305ea6b07b)] -> css selector: li.ajax_block_product], [[ChromeDriver: chrome on MAC (bab86d208af9c5eb79994c305ea6b07b)] -> css selector: li.ajax_block_product]]],\n\texpected [(not null and not an empty collection)] but found [[[[ChromeDriver: chrome on MAC (bab86d208af9c5eb79994c305ea6b07b)] -> css selector: li.ajax_block_product], [[ChromeDriver: chrome on MAC (bab86d208af9c5eb79994c305ea6b07b)] -> css selector: li.ajax_block_product]]]","trace":"java.lang.AssertionError: The following asserts failed:\n\tfailed expected [a collection with size <7>] but found [2],\n\tчто-то пошло не так expected [a value greater than <5>] but found [2],\n\texpected [iterable containing [\"dress\"]] but found [[[[ChromeDriver: chrome on MAC (bab86d208af9c5eb79994c305ea6b07b)] -> css selector: li.ajax_block_product], [[ChromeDriver: chrome on MAC (bab86d208af9c5eb79994c305ea6b07b)] -> css selector: li.ajax_block_product]]],\n\texpected [(not null and not an empty collection)] but found [[[[ChromeDriver: chrome on MAC (bab86d208af9c5eb79994c305ea6b07b)] -> css selector: li.ajax_block_product], [[ChromeDriver: chrome on MAC (bab86d208af9c5eb79994c305ea6b07b)] -> css selector: li.ajax_block_product]]]\n\tat org.testng.asserts.SoftAssert.assertAll(SoftAssert.java:43)\n\tat hellocucumber.steps.SearchByKeyWordStepDefinitions.displayMenuItemsSecond(SearchByKeyWordStepDefinitions.java:62)\n\tat ✽.Display menu item(file:///Users/julikor/Documents/Cucumber_project/src/test/resources/features/CucumberSecondTest.feature:10)\n"},"stage":"finished","steps":[{"name":"Given  Google search page is opened","status":"passed","statusDetails":{"known":false,"muted":false,"flaky":false},"stage":"finished","steps":[],"attachments":[],"parameters":[],"start":1592911957275,"stop":1592911960691},{"name":"When  Searches with text","status":"passed","statusDetails":{"known":false,"muted":false,"flaky":false},"stage":"finished","steps":[],"attachments":[],"parameters":[],"start":1592911960691,"stop":1592911961820},{"name":"And  Open url by name","status":"passed","statusDetails":{"known":false,"muted":false,"flaky":false},"stage":"finished","steps":[],"attachments":[],"parameters":[],"start":1592911961821,"stop":1592911965327},{"name":"And  Input in search field dress","status":"passed","statusDetails":{"known":false,"muted":false,"flaky":false},"stage":"finished","steps":[],"attachments":[],"parameters":[],"start":1592911965327,"stop":1592911966484},{"name":"And  Press button Search","status":"passed","statusDetails":{"known":false,"muted":false,"flaky":false},"stage":"finished","steps":[],"attachments":[],"parameters":[],"start":1592911966485,"stop":1592911966485},{"name":"Then  Display menu item","status":"failed","statusDetails":{"known":false,"muted":false,"flaky":false,"message":"The following asserts failed:\n\tfailed expected [a collection with size <7>] but found [2],\n\tчто-то пошло не так expected [a value greater than <5>] but found [2],\n\texpected [iterable containing [\"dress\"]] but found [[[[ChromeDriver: chrome on MAC (bab86d208af9c5eb79994c305ea6b07b)] -> css selector: li.ajax_block_product], [[ChromeDriver: chrome on MAC (bab86d208af9c5eb79994c305ea6b07b)] -> css selector: li.ajax_block_product]]],\n\texpected [(not null and not an empty collection)] but found [[[[ChromeDriver: chrome on MAC (bab86d208af9c5eb79994c305ea6b07b)] -> css selector: li.ajax_block_product], [[ChromeDriver: chrome on MAC (bab86d208af9c5eb79994c305ea6b07b)] -> css selector: li.ajax_block_product]]]","trace":"java.lang.AssertionError: The following asserts failed:\n\tfailed expected [a collection with size <7>] but found [2],\n\tчто-то пошло не так expected [a value greater than <5>] but found [2],\n\texpected [iterable containing [\"dress\"]] but found [[[[ChromeDriver: chrome on MAC (bab86d208af9c5eb79994c305ea6b07b)] -> css selector: li.ajax_block_product], [[ChromeDriver: chrome on MAC (bab86d208af9c5eb79994c305ea6b07b)] -> css selector: li.ajax_block_product]]],\n\texpected [(not null and not an empty collection)] but found [[[[ChromeDriver: chrome on MAC (bab86d208af9c5eb79994c305ea6b07b)] -> css selector: li.ajax_block_product], [[ChromeDriver: chrome on MAC (bab86d208af9c5eb79994c305ea6b07b)] -> css selector: li.ajax_block_product]]]\n\tat org.testng.asserts.SoftAssert.assertAll(SoftAssert.java:43)\n\tat hellocucumber.steps.SearchByKeyWordStepDefinitions.displayMenuItemsSecond(SearchByKeyWordStepDefinitions.java:62)\n\tat ✽.Display menu item(file:///Users/julikor/Documents/Cucumber_project/src/test/resources/features/CucumberSecondTest.feature:10)\n"},"stage":"finished","steps":[],"attachments":[],"parameters":[],"start":1592911966486,"stop":1592911966529}],"attachments":[],"parameters":[],"start":1592911955992,"stop":1592911966663,"uuid":"c0fee995-bca9-49dd-9780-308a70a1491c","historyId":"ee4dc055caff24d3b8a0eb8368b990a9","fullName":"cucumber second Test: Go to search by key word","labels":[{"name":"tag","value":"cucumber"},{"name":"host","value":"MacBook-Pro"},{"name":"thread","value":"3447@MacBook-Pro.main(1)"},{"name":"feature","value":"cucumber second Test"},{"name":"story","value":"Go to search by key word"},{"name":"suite","value":"cucumber second Test"},{"name":"testClass","value":"Go to search by key word"},{"name":"framework","value":"cucumber4jvm"},{"name":"language","value":"java"},{"name":"gherkin_uri","value":"file:///Users/julikor/Documents/Cucumber_project/src/test/resources/features/CucumberSecondTest.feature"},{"name":"package","value":"src.test.resources.features.CucumberSecondTest_feature.cucumber second Test"}],"links":[]}